<?xml version="1.0" encoding="UTF-8"?>
<!-- Generated by org.testng.reporters.JUnitReportReporter -->
<testsuite hostname="LAPTOP-736EDNM6" failures="0" tests="6" name="Testcases" time="7.456" errors="0" timestamp="2023-04-10T20:00:53 GMT-04:00" skipped="0">
  <testcase classname="Testcases" name="Test1" time="0.231"/>
  <system-out/>
  <testcase classname="Testcases" name="Test6" time="0.046"/>
  <system-out/>
  <testcase classname="Testcases" name="Test2" time="0.077"/>
  <system-out/>
  <testcase classname="Testcases" name="Test3" time="0.128"/>
  <system-out/>
  <testcase classname="Testcases" name="Test4" time="0.062"/>
  <system-out/>
  <testcase classname="Testcases" name="Test5" time="6.912"/>
  <system-out/>
</testsuite> <!-- Testcases -->
